[
    {
        "ID": 1,
        "Project": "Apache Commons Lang",
        "RepositoryLink": "https://github.com/apache/commons-lang",
        "CommitID": "c0707a1a24bc209caef5caa66f54e27e4230500e",
        "TestClass": "ArchUtilsTest",
        "TestMethod": "testGetProcessor",
        "Amplified": false,
        "Error": true,
        "ErrorStack": "[INFO] Scanning for projects...
        Downloading from apache.snapshots: https://repository.apache.org/snapshots/eu/stamp-project/dspot-maven/maven-metadata.xml
        [INFO] 
        [INFO] ------------------< org.apache.commons:commons-lang3 >------------------
        [INFO] Building Apache Commons Lang 3.13.0-SNAPSHOT
        [INFO]   from pom.xml
        [INFO] --------------------------------[ jar ]---------------------------------
        [INFO] 
        [INFO] --- dspot-maven:3.2.0:amplify-unit-tests (default-cli) @ commons-lang3 ---
        [INFO] Using C:\Users\Amjad Omar\IdeaProjects\commons-lang\pom.xml to run maven.
        [INFO] Using C:\Program Files\apache-maven-3.8.8 for maven home
        [INFO] run maven: C:\Program Files\apache-maven-3.8.8/bin/mvn clean test -DskipTests dependency:build-classpath -Dmdep.outputFile=target/dspot/classpath
        [INFO] Cache 'frameworkCache' created in EhcacheManager.
        [INFO] Path to runner Classes: C:\Users\Amjad%20Omar\.m2\repository\eu\stamp-project\test-runner\3.0.0\test-runner-3.0.0-jar-with-dependencies.jar
        [INFO] C:\Users\Amjad%20Omar\.m2\repository\org\jacoco\org.jacoco.core\0.8.5\org.jacoco.core-0.8.5.jar
        [INFO] C:\Users\Amjad%20Omar\.m2\repository\eu\stamp-project\test-runner\3.0.0\test-runner-3.0.0-jar-with-dependencies.jar
        [INFO] C:\Users\Amjad%20Omar\.m2\repository\eu\stamp-project\test-runner\3.0.0\test-runner-3.0.0-jar-with-dependencies.jar
        [INFO] C:\Users\Amjad%20Omar\.m2\repository\org\ow2\asm\asm\7.2\asm-7.2.jar
        [INFO] C:\Users\Amjad%20Omar\.m2\repository\eu\stamp-project\test-runner\3.0.0\test-runner-3.0.0-jar-with-dependencies.jar
        [INFO] C:\Users\Amjad%20Omar\.m2\repository\eu\stamp-project\test-runner\3.0.0\test-runner-3.0.0-jar-with-dependencies.jar
        [INFO] C:\Users\Amjad%20Omar\.m2\repository\eu\stamp-project\test-runner\3.0.0\test-runner-3.0.0-jar-with-dependencies.jar
        [INFO] C:\Users\Amjad%20Omar\.m2\repository\eu\stamp-project\test-runner\3.0.0\test-runner-3.0.0-jar-with-dependencies.jar
        [INFO] C:\Users\Amjad%20Omar\.m2\repository\eu\stamp-project\test-runner\3.0.0\test-runner-3.0.0-jar-with-dependencies.jar
        [INFO] C:\Users\Amjad%20Omar\.m2\repository\eu\stamp-project\test-runner\3.0.0\test-runner-3.0.0-jar-with-dependencies.jar
        [INFO] C:\Users\Amjad%20Omar\.m2\repository\eu\stamp-project\test-runner\3.0.0\test-runner-3.0.0-jar-with-dependencies.jar
        [INFO] Amplification of org.apache.commons.lang3.ArchUtilsTest (1 test(s))
        [INFO] Assertion amplification of org.apache.commons.lang3.ArchUtilsTest (1 test(s))
        [INFO] Compiling with -proceedOnError -encoding UTF-8 -cp C:\Users\Amjad Omar\IdeaProjects\commons-lang\target\dspot\tmp_test_sources;C:\Users\Amjad Omar\.m2\repository\org\junit\jupiter\junit-jupiter\5.9.0\jun
        it-jupiter-5.9.0.jar;C:\Users\Amjad Omar\.m2\repository\org\junit\jupiter\junit-jupiter-api\5.9.0\junit-jupiter-api-5.9.0.jar;C:\Users\Amjad Omar\.m2\repository\org\opentest4j\opentest4j\1.2.0\opentest4j-1.2.0.
        jar;C:\Users\Amjad Omar\.m2\repository\org\apiguardian\apiguardian-api\1.1.2\apiguardian-api-1.1.2.jar;C:\Users\Amjad Omar\.m2\repository\org\junit\jupiter\junit-jupiter-params\5.9.0\junit-jupiter-params-5.9.0.
        jar;C:\Users\Amjad Omar\.m2\repository\org\junit\jupiter\junit-jupiter-engine\5.9.0\junit-jupiter-engine-5.9.0.jar;C:\Users\Amjad Omar\.m2\repository\org\junit\platform\junit-platform-engine\1.9.0\junit-platfor
        m-engine-1.9.0.jar;C:\Users\Amjad Omar\.m2\repository\org\junit-pioneer\junit-pioneer\1.7.1\junit-pioneer-1.7.1.jar;C:\Users\Amjad Omar\.m2\repository\org\junit\platform\junit-platform-commons\1.9.0\junit-platf
        orm-commons-1.9.0.jar;C:\Users\Amjad Omar\.m2\repository\org\junit\platform\junit-platform-launcher\1.9.0\junit-platform-launcher-1.9.0.jar;C:\Users\Amjad Omar\.m2\repository\org\hamcrest\hamcrest\2.2\hamcrest-
        2.2.jar;C:\Users\Amjad Omar\.m2\repository\org\easymock\easymock\4.3\easymock-4.3.jar;C:\Users\Amjad Omar\.m2\repository\org\objenesis\objenesis\3.2\objenesis-3.2.jar;C:\Users\Amjad Omar\.m2\repository\org\apac
        he\commons\commons-text\1.9\commons-text-1.9.jar;C:\Users\Amjad Omar\.m2\repository\org\apache\commons\commons-lang3\3.11\commons-lang3-3.11.jar;C:\Users\Amjad Omar\.m2\repository\org\openjdk\jmh\jmh-core\1.35\
        jmh-core-1.35.jar;C:\Users\Amjad Omar\.m2\repository\net\sf\jopt-simple\jopt-simple\5.0.4\jopt-simple-5.0.4.jar;C:\Users\Amjad Omar\.m2\repository\org\apache\commons\commons-math3\3.2\commons-math3-3.2.jar;C:\U
        sers\Amjad Omar\.m2\repository\org\openjdk\jmh\jmh-generator-annprocess\1.35\jmh-generator-annprocess-1.35.jar;C:\Users\Amjad Omar\.m2\repository\com\google\code\findbugs\jsr305\3.0.2\jsr305-3.0.2.jar;C:\Users\
        Amjad Omar\IdeaProjects\commons-lang\target\classes;C:\Users\Amjad Omar\IdeaProjects\commons-lang\target\test-classes;C:\Users\Amjad Omar\IdeaProjects\commons-lang\/target/dspot/dependencies/; -d C:\Users\Amjad
         Omar\IdeaProjects\commons-lang\target\test-classes -1.8 -preserveAllLocals -noExit -enableJavadoc -proc:none C:\Users\Amjad Omar\IdeaProjects\commons-lang\target\dspot\tmp_test_sources\org\apache\commons\lang3\ArchUtilsTest.java
        [ERROR] Error(s) during compilation:
        [ERROR] Pb(70) AARCH_64 cannot be resolved or is not a field
        [ERROR] Pb(100) The method isAarch64() is undefined for the type Processor
        [INFO] Compiling with -proceedOnError -encoding UTF-8 -cp C:\Users\Amjad Omar\IdeaProjects\commons-lang\target\dspot\tmp_test_sources;C:\Users\Amjad Omar\.m2\repository\org\junit\jupiter\junit-jupiter\5.9.0\jun
        it-jupiter-5.9.0.jar;C:\Users\Amjad Omar\.m2\repository\org\junit\jupiter\junit-jupiter-api\5.9.0\junit-jupiter-api-5.9.0.jar;C:\Users\Amjad Omar\.m2\repository\org\opentest4j\opentest4j\1.2.0\opentest4j-1.2.0.
        jar;C:\Users\Amjad Omar\.m2\repository\org\apiguardian\apiguardian-api\1.1.2\apiguardian-api-1.1.2.jar;C:\Users\Amjad Omar\.m2\repository\org\junit\jupiter\junit-jupiter-params\5.9.0\junit-jupiter-params-5.9.0.
        jar;C:\Users\Amjad Omar\.m2\repository\org\junit\jupiter\junit-jupiter-engine\5.9.0\junit-jupiter-engine-5.9.0.jar;C:\Users\Amjad Omar\.m2\repository\org\junit\platform\junit-platform-engine\1.9.0\junit-platfor
        m-engine-1.9.0.jar;C:\Users\Amjad Omar\.m2\repository\org\junit-pioneer\junit-pioneer\1.7.1\junit-pioneer-1.7.1.jar;C:\Users\Amjad Omar\.m2\repository\org\junit\platform\junit-platform-commons\1.9.0\junit-platf
        orm-commons-1.9.0.jar;C:\Users\Amjad Omar\.m2\repository\org\junit\platform\junit-platform-launcher\1.9.0\junit-platform-launcher-1.9.0.jar;C:\Users\Amjad Omar\.m2\repository\org\hamcrest\hamcrest\2.2\hamcrest-
        2.2.jar;C:\Users\Amjad Omar\.m2\repository\org\easymock\easymock\4.3\easymock-4.3.jar;C:\Users\Amjad Omar\.m2\repository\org\objenesis\objenesis\3.2\objenesis-3.2.jar;C:\Users\Amjad Omar\.m2\repository\org\apac
        he\commons\commons-text\1.9\commons-text-1.9.jar;C:\Users\Amjad Omar\.m2\repository\org\apache\commons\commons-lang3\3.11\commons-lang3-3.11.jar;C:\Users\Amjad Omar\.m2\repository\org\openjdk\jmh\jmh-core\1.35\
        jmh-core-1.35.jar;C:\Users\Amjad Omar\.m2\repository\net\sf\jopt-simple\jopt-simple\5.0.4\jopt-simple-5.0.4.jar;C:\Users\Amjad Omar\.m2\repository\org\apache\commons\commons-math3\3.2\commons-math3-3.2.jar;C:\U
        sers\Amjad Omar\.m2\repository\org\openjdk\jmh\jmh-generator-annprocess\1.35\jmh-generator-annprocess-1.35.jar;C:\Users\Amjad Omar\.m2\repository\com\google\code\findbugs\jsr305\3.0.2\jsr305-3.0.2.jar;C:\Users\
        Amjad Omar\IdeaProjects\commons-lang\target\classes;C:\Users\Amjad Omar\IdeaProjects\commons-lang\target\test-classes;C:\Users\Amjad Omar\IdeaProjects\commons-lang\/target/dspot/dependencies/; -d C:\Users\Amjad
         Omar\IdeaProjects\commons-lang\target\test-classes -1.8 -preserveAllLocals -noExit -enableJavadoc -proc:none C:\Users\Amjad Omar\IdeaProjects\commons-lang\target\dspot\tmp_test_sources\org\apache\commons\lang3\ArchUtilsTest.java
        [INFO] Run tests. (1)
        [INFO] Compiling with -proceedOnError -encoding UTF-8 -cp C:\Users\Amjad Omar\IdeaProjects\commons-lang\target\dspot\tmp_test_sources;C:\Users\Amjad Omar\.m2\repository\org\junit\jupiter\junit-jupiter\5.9.0\jun
        it-jupiter-5.9.0.jar;C:\Users\Amjad Omar\.m2\repository\org\junit\jupiter\junit-jupiter-api\5.9.0\junit-jupiter-api-5.9.0.jar;C:\Users\Amjad Omar\.m2\repository\org\opentest4j\opentest4j\1.2.0\opentest4j-1.2.0.
        jar;C:\Users\Amjad Omar\.m2\repository\org\apiguardian\apiguardian-api\1.1.2\apiguardian-api-1.1.2.jar;C:\Users\Amjad Omar\.m2\repository\org\junit\jupiter\junit-jupiter-params\5.9.0\junit-jupiter-params-5.9.0.
        jar;C:\Users\Amjad Omar\.m2\repository\org\junit\jupiter\junit-jupiter-engine\5.9.0\junit-jupiter-engine-5.9.0.jar;C:\Users\Amjad Omar\.m2\repository\org\junit\platform\junit-platform-engine\1.9.0\junit-platfor
        m-engine-1.9.0.jar;C:\Users\Amjad Omar\.m2\repository\org\junit-pioneer\junit-pioneer\1.7.1\junit-pioneer-1.7.1.jar;C:\Users\Amjad Omar\.m2\repository\org\junit\platform\junit-platform-commons\1.9.0\junit-platf
        orm-commons-1.9.0.jar;C:\Users\Amjad Omar\.m2\repository\org\junit\platform\junit-platform-launcher\1.9.0\junit-platform-launcher-1.9.0.jar;C:\Users\Amjad Omar\.m2\repository\org\hamcrest\hamcrest\2.2\hamcrest-
        2.2.jar;C:\Users\Amjad Omar\.m2\repository\org\easymock\easymock\4.3\easymock-4.3.jar;C:\Users\Amjad Omar\.m2\repository\org\objenesis\objenesis\3.2\objenesis-3.2.jar;C:\Users\Amjad Omar\.m2\repository\org\apac
        he\commons\commons-text\1.9\commons-text-1.9.jar;C:\Users\Amjad Omar\.m2\repository\org\apache\commons\commons-lang3\3.11\commons-lang3-3.11.jar;C:\Users\Amjad Omar\.m2\repository\org\openjdk\jmh\jmh-core\1.35\
        jmh-core-1.35.jar;C:\Users\Amjad Omar\.m2\repository\net\sf\jopt-simple\jopt-simple\5.0.4\jopt-simple-5.0.4.jar;C:\Users\Amjad Omar\.m2\repository\org\apache\commons\commons-math3\3.2\commons-math3-3.2.jar;C:\U
        sers\Amjad Omar\.m2\repository\org\openjdk\jmh\jmh-generator-annprocess\1.35\jmh-generator-annprocess-1.35.jar;C:\Users\Amjad Omar\.m2\repository\com\google\code\findbugs\jsr305\3.0.2\jsr305-3.0.2.jar;C:\Users\
        Amjad Omar\IdeaProjects\commons-lang\target\classes;C:\Users\Amjad Omar\IdeaProjects\commons-lang\target\test-classes;C:\Users\Amjad Omar\IdeaProjects\commons-lang\/target/dspot/dependencies/; -d C:\Users\Amjad
         Omar\IdeaProjects\commons-lang\target\test-classes -1.8 -preserveAllLocals -noExit -enableJavadoc -proc:none C:\Users\Amjad Omar\IdeaProjects\commons-lang\target\dspot\tmp_test_sources\org\apache\commons\lang3\ArchUtilsTest.java
        [ERROR] Error(s) during compilation:
        [ERROR] Pb(70) AARCH_64 cannot be resolved or is not a field
        [ERROR] Pb(100) The method isAarch64() is undefined for the type Processor
        [INFO] Compiling with -proceedOnError -encoding UTF-8 -cp C:\Users\Amjad Omar\IdeaProjects\commons-lang\target\dspot\tmp_test_sources;C:\Users\Amjad Omar\.m2\repository\org\junit\jupiter\junit-jupiter\5.9.0\jun
        it-jupiter-5.9.0.jar;C:\Users\Amjad Omar\.m2\repository\org\junit\jupiter\junit-jupiter-api\5.9.0\junit-jupiter-api-5.9.0.jar;C:\Users\Amjad Omar\.m2\repository\org\opentest4j\opentest4j\1.2.0\opentest4j-1.2.0.
        jar;C:\Users\Amjad Omar\.m2\repository\org\apiguardian\apiguardian-api\1.1.2\apiguardian-api-1.1.2.jar;C:\Users\Amjad Omar\.m2\repository\org\junit\jupiter\junit-jupiter-params\5.9.0\junit-jupiter-params-5.9.0.
        jar;C:\Users\Amjad Omar\.m2\repository\org\junit\jupiter\junit-jupiter-engine\5.9.0\junit-jupiter-engine-5.9.0.jar;C:\Users\Amjad Omar\.m2\repository\org\junit\platform\junit-platform-engine\1.9.0\junit-platfor
        m-engine-1.9.0.jar;C:\Users\Amjad Omar\.m2\repository\org\junit-pioneer\junit-pioneer\1.7.1\junit-pioneer-1.7.1.jar;C:\Users\Amjad Omar\.m2\repository\org\junit\platform\junit-platform-commons\1.9.0\junit-platf
        orm-commons-1.9.0.jar;C:\Users\Amjad Omar\.m2\repository\org\junit\platform\junit-platform-launcher\1.9.0\junit-platform-launcher-1.9.0.jar;C:\Users\Amjad Omar\.m2\repository\org\hamcrest\hamcrest\2.2\hamcrest-
        2.2.jar;C:\Users\Amjad Omar\.m2\repository\org\easymock\easymock\4.3\easymock-4.3.jar;C:\Users\Amjad Omar\.m2\repository\org\objenesis\objenesis\3.2\objenesis-3.2.jar;C:\Users\Amjad Omar\.m2\repository\org\apac
        he\commons\commons-text\1.9\commons-text-1.9.jar;C:\Users\Amjad Omar\.m2\repository\org\apache\commons\commons-lang3\3.11\commons-lang3-3.11.jar;C:\Users\Amjad Omar\.m2\repository\org\openjdk\jmh\jmh-core\1.35\
        jmh-core-1.35.jar;C:\Users\Amjad Omar\.m2\repository\net\sf\jopt-simple\jopt-simple\5.0.4\jopt-simple-5.0.4.jar;C:\Users\Amjad Omar\.m2\repository\org\apache\commons\commons-math3\3.2\commons-math3-3.2.jar;C:\U
        sers\Amjad Omar\.m2\repository\org\openjdk\jmh\jmh-generator-annprocess\1.35\jmh-generator-annprocess-1.35.jar;C:\Users\Amjad Omar\.m2\repository\com\google\code\findbugs\jsr305\3.0.2\jsr305-3.0.2.jar;C:\Users\
        Amjad Omar\IdeaProjects\commons-lang\target\classes;C:\Users\Amjad Omar\IdeaProjects\commons-lang\target\test-classes;C:\Users\Amjad Omar\IdeaProjects\commons-lang\/target/dspot/dependencies/; -d C:\Users\Amjad
         Omar\IdeaProjects\commons-lang\target\test-classes -1.8 -preserveAllLocals -noExit -enableJavadoc -proc:none C:\Users\Amjad Omar\IdeaProjects\commons-lang\target\dspot\tmp_test_sources\org\apache\commons\lang3\ArchUtilsTest.java
        [INFO] 1 test pass, generating assertion...
        [INFO] Add observations points in passing tests.
        [INFO] Instrumentation...
        100% |================================================== ]/
        [INFO] Run instrumented tests. (3)
        [INFO] Compiling with -proceedOnError -encoding UTF-8 -cp C:\Users\Amjad Omar\IdeaProjects\commons-lang\target\dspot\tmp_test_sources;C:\Users\Amjad Omar\.m2\repository\org\junit\jupiter\junit-jupiter\5.9.0\jun
        it-jupiter-5.9.0.jar;C:\Users\Amjad Omar\.m2\repository\org\junit\jupiter\junit-jupiter-api\5.9.0\junit-jupiter-api-5.9.0.jar;C:\Users\Amjad Omar\.m2\repository\org\opentest4j\opentest4j\1.2.0\opentest4j-1.2.0.
        jar;C:\Users\Amjad Omar\.m2\repository\org\apiguardian\apiguardian-api\1.1.2\apiguardian-api-1.1.2.jar;C:\Users\Amjad Omar\.m2\repository\org\junit\jupiter\junit-jupiter-params\5.9.0\junit-jupiter-params-5.9.0.
        jar;C:\Users\Amjad Omar\.m2\repository\org\junit\jupiter\junit-jupiter-engine\5.9.0\junit-jupiter-engine-5.9.0.jar;C:\Users\Amjad Omar\.m2\repository\org\junit\platform\junit-platform-engine\1.9.0\junit-platfor
        m-engine-1.9.0.jar;C:\Users\Amjad Omar\.m2\repository\org\junit-pioneer\junit-pioneer\1.7.1\junit-pioneer-1.7.1.jar;C:\Users\Amjad Omar\.m2\repository\org\junit\platform\junit-platform-commons\1.9.0\junit-platf
        orm-commons-1.9.0.jar;C:\Users\Amjad Omar\.m2\repository\org\junit\platform\junit-platform-launcher\1.9.0\junit-platform-launcher-1.9.0.jar;C:\Users\Amjad Omar\.m2\repository\org\hamcrest\hamcrest\2.2\hamcrest-
        2.2.jar;C:\Users\Amjad Omar\.m2\repository\org\easymock\easymock\4.3\easymock-4.3.jar;C:\Users\Amjad Omar\.m2\repository\org\objenesis\objenesis\3.2\objenesis-3.2.jar;C:\Users\Amjad Omar\.m2\repository\org\apac
        he\commons\commons-text\1.9\commons-text-1.9.jar;C:\Users\Amjad Omar\.m2\repository\org\apache\commons\commons-lang3\3.11\commons-lang3-3.11.jar;C:\Users\Amjad Omar\.m2\repository\org\openjdk\jmh\jmh-core\1.35\
        jmh-core-1.35.jar;C:\Users\Amjad Omar\.m2\repository\net\sf\jopt-simple\jopt-simple\5.0.4\jopt-simple-5.0.4.jar;C:\Users\Amjad Omar\.m2\repository\org\apache\commons\commons-math3\3.2\commons-math3-3.2.jar;C:\U
        sers\Amjad Omar\.m2\repository\org\openjdk\jmh\jmh-generator-annprocess\1.35\jmh-generator-annprocess-1.35.jar;C:\Users\Amjad Omar\.m2\repository\com\google\code\findbugs\jsr305\3.0.2\jsr305-3.0.2.jar;C:\Users\
        Amjad Omar\IdeaProjects\commons-lang\target\classes;C:\Users\Amjad Omar\IdeaProjects\commons-lang\target\test-classes;C:\Users\Amjad Omar\IdeaProjects\commons-lang\/target/dspot/dependencies/; -d C:\Users\Amjad
         Omar\IdeaProjects\commons-lang\target\test-classes -1.8 -preserveAllLocals -noExit -enableJavadoc -proc:none C:\Users\Amjad Omar\IdeaProjects\commons-lang\target\dspot\tmp_test_sources\org\apache\commons\lang3\ArchUtilsTest.java
        [INFO] Generating assertions...
        [INFO] 1 new tests with assertions generated
        [INFO] Compiling with -proceedOnError -encoding UTF-8 -cp C:\Users\Amjad Omar\IdeaProjects\commons-lang\target\dspot\tmp_test_sources;C:\Users\Amjad Omar\.m2\repository\org\junit\jupiter\junit-jupiter\5.9.0\jun
        it-jupiter-5.9.0.jar;C:\Users\Amjad Omar\.m2\repository\org\junit\jupiter\junit-jupiter-api\5.9.0\junit-jupiter-api-5.9.0.jar;C:\Users\Amjad Omar\.m2\repository\org\opentest4j\opentest4j\1.2.0\opentest4j-1.2.0.
        jar;C:\Users\Amjad Omar\.m2\repository\org\apiguardian\apiguardian-api\1.1.2\apiguardian-api-1.1.2.jar;C:\Users\Amjad Omar\.m2\repository\org\junit\jupiter\junit-jupiter-params\5.9.0\junit-jupiter-params-5.9.0.
        jar;C:\Users\Amjad Omar\.m2\repository\org\junit\jupiter\junit-jupiter-engine\5.9.0\junit-jupiter-engine-5.9.0.jar;C:\Users\Amjad Omar\.m2\repository\org\junit\platform\junit-platform-engine\1.9.0\junit-platfor
        m-engine-1.9.0.jar;C:\Users\Amjad Omar\.m2\repository\org\junit-pioneer\junit-pioneer\1.7.1\junit-pioneer-1.7.1.jar;C:\Users\Amjad Omar\.m2\repository\org\junit\platform\junit-platform-commons\1.9.0\junit-platf
        orm-commons-1.9.0.jar;C:\Users\Amjad Omar\.m2\repository\org\junit\platform\junit-platform-launcher\1.9.0\junit-platform-launcher-1.9.0.jar;C:\Users\Amjad Omar\.m2\repository\org\hamcrest\hamcrest\2.2\hamcrest-
        2.2.jar;C:\Users\Amjad Omar\.m2\repository\org\easymock\easymock\4.3\easymock-4.3.jar;C:\Users\Amjad Omar\.m2\repository\org\objenesis\objenesis\3.2\objenesis-3.2.jar;C:\Users\Amjad Omar\.m2\repository\org\apac
        he\commons\commons-text\1.9\commons-text-1.9.jar;C:\Users\Amjad Omar\.m2\repository\org\apache\commons\commons-lang3\3.11\commons-lang3-3.11.jar;C:\Users\Amjad Omar\.m2\repository\org\openjdk\jmh\jmh-core\1.35\
        jmh-core-1.35.jar;C:\Users\Amjad Omar\.m2\repository\net\sf\jopt-simple\jopt-simple\5.0.4\jopt-simple-5.0.4.jar;C:\Users\Amjad Omar\.m2\repository\org\apache\commons\commons-math3\3.2\commons-math3-3.2.jar;C:\U
        sers\Amjad Omar\.m2\repository\org\openjdk\jmh\jmh-generator-annprocess\1.35\jmh-generator-annprocess-1.35.jar;C:\Users\Amjad Omar\.m2\repository\com\google\code\findbugs\jsr305\3.0.2\jsr305-3.0.2.jar;C:\Users\
        Amjad Omar\IdeaProjects\commons-lang\target\classes;C:\Users\Amjad Omar\IdeaProjects\commons-lang\target\test-classes;C:\Users\Amjad Omar\IdeaProjects\commons-lang\/target/dspot/dependencies/; -d C:\Users\Amjad
         Omar\IdeaProjects\commons-lang\target\test-classes -1.8 -preserveAllLocals -noExit -enableJavadoc -proc:none C:\Users\Amjad Omar\IdeaProjects\commons-lang\target\dspot\tmp_test_sources\org\apache\commons\lang3\ArchUtilsTest.java
        [ERROR] Error(s) during compilation:
        [ERROR] Pb(70) AARCH_64 cannot be resolved or is not a field
        [ERROR] Pb(100) The method isAarch64() is undefined for the type Processor
        [ERROR] Pb(100) The method isAarch64() is undefined for the type Processor
        [ERROR] Pb(100) The method isAarch64() is undefined for the type Processor
        [INFO] Compiling with -proceedOnError -encoding UTF-8 -cp C:\Users\Amjad Omar\IdeaProjects\commons-lang\target\dspot\tmp_test_sources;C:\Users\Amjad Omar\.m2\repository\org\junit\jupiter\junit-jupiter\5.9.0\jun
        it-jupiter-5.9.0.jar;C:\Users\Amjad Omar\.m2\repository\org\junit\jupiter\junit-jupiter-api\5.9.0\junit-jupiter-api-5.9.0.jar;C:\Users\Amjad Omar\.m2\repository\org\opentest4j\opentest4j\1.2.0\opentest4j-1.2.0.
        jar;C:\Users\Amjad Omar\.m2\repository\org\apiguardian\apiguardian-api\1.1.2\apiguardian-api-1.1.2.jar;C:\Users\Amjad Omar\.m2\repository\org\junit\jupiter\junit-jupiter-params\5.9.0\junit-jupiter-params-5.9.0.
        jar;C:\Users\Amjad Omar\.m2\repository\org\junit\jupiter\junit-jupiter-engine\5.9.0\junit-jupiter-engine-5.9.0.jar;C:\Users\Amjad Omar\.m2\repository\org\junit\platform\junit-platform-engine\1.9.0\junit-platfor
        m-engine-1.9.0.jar;C:\Users\Amjad Omar\.m2\repository\org\junit-pioneer\junit-pioneer\1.7.1\junit-pioneer-1.7.1.jar;C:\Users\Amjad Omar\.m2\repository\org\junit\platform\junit-platform-commons\1.9.0\junit-platf
        orm-commons-1.9.0.jar;C:\Users\Amjad Omar\.m2\repository\org\junit\platform\junit-platform-launcher\1.9.0\junit-platform-launcher-1.9.0.jar;C:\Users\Amjad Omar\.m2\repository\org\hamcrest\hamcrest\2.2\hamcrest-
        2.2.jar;C:\Users\Amjad Omar\.m2\repository\org\easymock\easymock\4.3\easymock-4.3.jar;C:\Users\Amjad Omar\.m2\repository\org\objenesis\objenesis\3.2\objenesis-3.2.jar;C:\Users\Amjad Omar\.m2\repository\org\apac
        he\commons\commons-text\1.9\commons-text-1.9.jar;C:\Users\Amjad Omar\.m2\repository\org\apache\commons\commons-lang3\3.11\commons-lang3-3.11.jar;C:\Users\Amjad Omar\.m2\repository\org\openjdk\jmh\jmh-core\1.35\
        jmh-core-1.35.jar;C:\Users\Amjad Omar\.m2\repository\net\sf\jopt-simple\jopt-simple\5.0.4\jopt-simple-5.0.4.jar;C:\Users\Amjad Omar\.m2\repository\org\apache\commons\commons-math3\3.2\commons-math3-3.2.jar;C:\U
        sers\Amjad Omar\.m2\repository\org\openjdk\jmh\jmh-generator-annprocess\1.35\jmh-generator-annprocess-1.35.jar;C:\Users\Amjad Omar\.m2\repository\com\google\code\findbugs\jsr305\3.0.2\jsr305-3.0.2.jar;C:\Users\
        Amjad Omar\IdeaProjects\commons-lang\target\classes;C:\Users\Amjad Omar\IdeaProjects\commons-lang\target\test-classes;C:\Users\Amjad Omar\IdeaProjects\commons-lang\/target/dspot/dependencies/; -d C:\Users\Amjad
         Omar\IdeaProjects\commons-lang\target\test-classes -1.8 -preserveAllLocals -noExit -enableJavadoc -proc:none C:\Users\Amjad Omar\IdeaProjects\commons-lang\target\dspot\tmp_test_sources\org\apache\commons\lang3\ArchUtilsTest.java
        eu.stamp_project.dspot.common.miscellaneous.AmplificationException: Every test methods are uncompilable
                at eu.stamp_project.dspot.common.compilation.TestCompiler.compileAndDiscardUncompilableMethods(TestCompiler.java:182)
                at eu.stamp_project.dspot.common.compilation.TestCompiler.compileAndRun(TestCompiler.java:154)
                at eu.stamp_project.dspot.common.compilation.TestCompiler.compileRunAndDiscardUncompilableAndFailingTestMethods(TestCompiler.java:88)
                at eu.stamp_project.dspot.DSpot.assertionAmplification(DSpot.java:213)
                at eu.stamp_project.dspot.DSpot.onlyAssertionGeneration(DSpot.java:98)
                at eu.stamp_project.dspot.DSpot.amplification(DSpot.java:73)
                at eu.stamp_project.dspot.DSpot.run(DSpot.java:59)
                at eu.stamp_project.Main.main(Main.java:20)
                at eu.stamp_project.DSpotMojo.execute(DSpotMojo.java:29)
                at org.apache.maven.plugin.DefaultBuildPluginManager.executeMojo(DefaultBuildPluginManager.java:137)
                at org.apache.maven.lifecycle.internal.MojoExecutor.doExecute2(MojoExecutor.java:370)
                at org.apache.maven.lifecycle.internal.MojoExecutor.doExecute(MojoExecutor.java:351)
                at org.apache.maven.lifecycle.internal.MojoExecutor.execute(MojoExecutor.java:215)
                at org.apache.maven.lifecycle.internal.MojoExecutor.execute(MojoExecutor.java:171)
                at org.apache.maven.lifecycle.internal.MojoExecutor.execute(MojoExecutor.java:163)
                at org.apache.maven.lifecycle.internal.LifecycleModuleBuilder.buildProject(LifecycleModuleBuilder.java:117)
                at org.apache.maven.lifecycle.internal.LifecycleModuleBuilder.buildProject(LifecycleModuleBuilder.java:81)
                at org.apache.maven.lifecycle.internal.builder.singlethreaded.SingleThreadedBuilder.build(SingleThreadedBuilder.java:56)
                at org.apache.maven.lifecycle.internal.LifecycleStarter.execute(LifecycleStarter.java:128)
                at org.apache.maven.DefaultMaven.doExecute(DefaultMaven.java:299)
                at org.apache.maven.DefaultMaven.doExecute(DefaultMaven.java:193)
                at org.apache.maven.DefaultMaven.execute(DefaultMaven.java:106)
                at org.apache.maven.cli.MavenCli.execute(MavenCli.java:963)
                at org.apache.maven.cli.MavenCli.doMain(MavenCli.java:296)
                at org.apache.maven.cli.MavenCli.main(MavenCli.java:199)
                at sun.reflect.NativeMethodAccessorImpl.invoke0(Native Method)
                at sun.reflect.NativeMethodAccessorImpl.invoke(NativeMethodAccessorImpl.java:62)
                at sun.reflect.DelegatingMethodAccessorImpl.invoke(DelegatingMethodAccessorImpl.java:43)
                at java.lang.reflect.Method.invoke(Method.java:498)
                at org.codehaus.plexus.classworlds.launcher.Launcher.launchEnhanced(Launcher.java:282)
                at org.codehaus.plexus.classworlds.launcher.Launcher.launch(Launcher.java:225)
                at org.codehaus.plexus.classworlds.launcher.Launcher.mainWithExitCode(Launcher.java:406)
                at org.codehaus.plexus.classworlds.launcher.Launcher.main(Launcher.java:347)
        [INFO] Assertion amplification: 0 test method(s) have been successfully amplified.
        [INFO] 0 amplified test method(s) have been selected to be kept.
        [INFO] 0 amplified test methods has been selected to be kept. (global: 0)
        [INFO] elapsedTime 4257
        spoon.support.compiler.SnippetCompilationError: AARCH_64 cannot be resolved or is not a field at ArchUtilsTest.java:77
                at spoon.support.compiler.jdt.JDTBasedSpoonCompiler.reportProblemsWhenCompiling(JDTBasedSpoonCompiler.java:615)
                at spoon.support.compiler.jdt.JDTBasedSpoonCompiler.compile(JDTBasedSpoonCompiler.java:169)
                at eu.stamp_project.dspot.common.compilation.DSpotCompiler.compile(DSpotCompiler.java:139)
                at eu.stamp_project.dspot.selector.JacocoCoverageSelector.report(JacocoCoverageSelector.java:213)
                at eu.stamp_project.dspot.common.configuration.AmplificationSetup.postAmplification(AmplificationSetup.java:87)
                at eu.stamp_project.dspot.DSpot.run(DSpot.java:62)
                at eu.stamp_project.Main.main(Main.java:20)
                at eu.stamp_project.DSpotMojo.execute(DSpotMojo.java:29)
                at org.apache.maven.plugin.DefaultBuildPluginManager.executeMojo(DefaultBuildPluginManager.java:137)
                at org.apache.maven.lifecycle.internal.MojoExecutor.doExecute2(MojoExecutor.java:370)
                at org.apache.maven.lifecycle.internal.MojoExecutor.doExecute(MojoExecutor.java:351)
                at org.apache.maven.lifecycle.internal.MojoExecutor.execute(MojoExecutor.java:215)
                at org.apache.maven.lifecycle.internal.MojoExecutor.execute(MojoExecutor.java:171)
                at org.apache.maven.lifecycle.internal.MojoExecutor.execute(MojoExecutor.java:163)
                at org.apache.maven.lifecycle.internal.LifecycleModuleBuilder.buildProject(LifecycleModuleBuilder.java:117)
                at org.apache.maven.lifecycle.internal.LifecycleModuleBuilder.buildProject(LifecycleModuleBuilder.java:81)
                at org.apache.maven.lifecycle.internal.builder.singlethreaded.SingleThreadedBuilder.build(SingleThreadedBuilder.java:56)
                at org.apache.maven.lifecycle.internal.LifecycleStarter.execute(LifecycleStarter.java:128)
                at org.apache.maven.DefaultMaven.doExecute(DefaultMaven.java:299)
                at org.apache.maven.DefaultMaven.doExecute(DefaultMaven.java:193)
                at org.apache.maven.DefaultMaven.execute(DefaultMaven.java:106)
                at org.apache.maven.cli.MavenCli.execute(MavenCli.java:963)
                at org.apache.maven.cli.MavenCli.doMain(MavenCli.java:296)
                at org.apache.maven.cli.MavenCli.main(MavenCli.java:199)
                at sun.reflect.NativeMethodAccessorImpl.invoke0(Native Method)
                at sun.reflect.NativeMethodAccessorImpl.invoke(NativeMethodAccessorImpl.java:62)
                at sun.reflect.DelegatingMethodAccessorImpl.invoke(DelegatingMethodAccessorImpl.java:43)
                at java.lang.reflect.Method.invoke(Method.java:498)
                at org.codehaus.plexus.classworlds.launcher.Launcher.launchEnhanced(Launcher.java:282)
                at org.codehaus.plexus.classworlds.launcher.Launcher.launch(Launcher.java:225)
                at org.codehaus.plexus.classworlds.launcher.Launcher.mainWithExitCode(Launcher.java:406)
                at org.codehaus.plexus.classworlds.launcher.Launcher.main(Launcher.java:347)
        [ERROR] Something bad happened during the report fot test-criterion.
        [ERROR] Dspot might not have output correctly!
        [WARNING] DSpot could not obtain any amplified test method.
        [WARNING] You can customize the following options: --amplifiers, --test-criterion, --iteration, --inputAmplDistributor etc, and retry with a new configuration.
        [INFO] Amplification succeed.
        [INFO] Elapsed time 39819 ms
        [INFO]
        
        [INFO] Writing report in target/dspot/output/\report.txt
        [INFO] DSpot amplified your test suite without errors. (no errors report will be outputted)
        [INFO] The amplification ends up with 0 amplified test methods over 1 test classes.
        [INFO] Print org.apache.commons.lang3.ArchUtilsTest.java with 4 original test cases in target/dspot/output//original/
        [INFO] ------------------------------------------------------------------------
        [INFO] BUILD SUCCESS
        [INFO] ------------------------------------------------------------------------
        [INFO] Total time:  47.424 s
        [INFO] Finished at: 2023-06-11T22:20:36-05:00
        [INFO] ------------------------------------------------------------------------
        ",
        "BuildSuccess": true,
        "ErrorReport": "",
        "AmplificationReport": "",
        "Result": {
            "InitialInstructionCoverage": "",
            "InitialInstructionCoveragePercentage": "",
            "NumberOfAmplifiedTest": "",
            "AmplifiedInstructionCoverage": "",
            "AmplifiedInstructionCoveragePercentage": "",
            "Input": "",
            "Output": ""
        },
        "Notes": "[ERROR] Error(s) during compilation: [ERROR] Pb(70) AARCH_64 cannot be resolved or is not a field [ERROR] Pb(100) The method isAarch64() is undefined for the type Processor"
    },
    {
        "ID": 2,
        "Project": "Apache Commons Lang",
        "RepositoryLink": "https://github.com/apache/commons-lang",
        "CommitID": "c0707a1a24bc209caef5caa66f54e27e4230500e",
        "TestClass": "org.apache.commons.lang3.function.BooleanConsumerTest",
        "TestMethod": "testAccept",
        "Amplified": true,
        "Error": false,
        "ErrorStack": "",
        "BuildSuccess": true,
        "ErrorReport": "",
        "OriginalMethod": "public void testAccept() {
            final AtomicBoolean aBool = new AtomicBoolean();
            accept(aBool::lazySet, true);
            assertTrue(aBool.get());
            accept(aBool::lazySet, false);
            assertFalse(aBool.get());
        }"
        "AmplificationReport": "Initial instruction coverage: 16 / 66742
        0.02%
        Amplification results with 1 amplified tests.
        Amplified instruction coverage: 276 / 66742
        0.41%
        ",
        "Result": {
            "InitialInstructionCoverage": "16 / 66742",
            "InitialInstructionCoveragePercentage": "0.02%",
            "NumberOfAmplifiedTest": "1",
            "AmplifiedInstructionCoverage": "276 / 66742",
            "AmplifiedInstructionCoveragePercentage": "0.41%",
            "Input": "package org.apache.commons.lang3.function;
            import java.util.concurrent.atomic.AtomicBoolean;
            import org.apache.commons.lang3.AbstractLangTest;
            import org.junit.jupiter.api.Test;
            import static org.junit.jupiter.api.Assertions.assertFalse;
            import static org.junit.jupiter.api.Assertions.assertTrue;
            public class BooleanConsumerTest extends AbstractLangTest {
                private BooleanConsumer accept(final BooleanConsumer consumer, final boolean expected) {
                    consumer.accept(expected);
                    return consumer;
                }
            
                @Test
                public void testAccept() {
                    final AtomicBoolean aBool = new AtomicBoolean();
                    accept(aBool::lazySet, true);
                    assertTrue(aBool.get());
                    accept(aBool::lazySet, false);
                    assertFalse(aBool.get());
                }
            }",
            "Output": "package org.apache.commons.lang3.function;
            import java.util.concurrent.atomic.AtomicBoolean;
            import org.apache.commons.lang3.AbstractLangTest;
            import org.junit.jupiter.api.Assertions;
            import org.junit.jupiter.api.Test;
            public class BooleanConsumerTest extends AbstractLangTest {
                private BooleanConsumer accept(final BooleanConsumer consumer, final boolean expected) {
                    consumer.accept(expected);
                    return consumer;
                }
            
                @Test
                public void testAccept_ass3() throws Exception {
                    final AtomicBoolean aBool = new AtomicBoolean();
                    accept(aBool::lazySet, true);
                    boolean o_testAccept__4 = aBool.get();
                    Assertions.assertTrue(o_testAccept__4);
                    accept(aBool::lazySet, false);
                    boolean o_testAccept__6 = aBool.get();
                    Assertions.assertFalse(o_testAccept__6);
                    Assertions.assertTrue(o_testAccept__4);
                }
            }"
        },
        "Notes": ""
    }
]