DSpot encountered 1 error(s) during amplification.
Something bad happened when DSpot tried to computed the original mutation score.
This is usually due to the value of the command line option --pit-filter-classes-to-keep.
Specify the filter of classes to keep used by PIT. This allow you restrict the scope of the mutation done by PIT. If this is not specified, DSpot will try to build on the fly a filter that takes into account the largest number of classes, e.g. the topest package. 
This is can be also due to a specific configuration of your test suite. If any test fails,
PIT (and so DSpot) won't be able to be executed. Please, check your environment variables,
external files, etc. You can use --excluded-classes and --excluded-test-cases
 to exclude respectively specific test classes ans test cases.
java.lang.RuntimeException: java.lang.RuntimeException: Maven build failed! Enable verbose mode for more information (--verbose)
	at eu.stamp_project.dspot.common.automaticbuilder.maven.MavenAutomaticBuilder.runPit(MavenAutomaticBuilder.java:156)
	at eu.stamp_project.dspot.common.automaticbuilder.maven.MavenAutomaticBuilder.runPit(MavenAutomaticBuilder.java:162)
	at eu.stamp_project.dspot.selector.PitMutantScoreSelector.init(PitMutantScoreSelector.java:109)
	at eu.stamp_project.dspot.common.configuration.AmplificationSetup.firstSelectorSetup(AmplificationSetup.java:129)
	at eu.stamp_project.dspot.DSpot.setupSelector(DSpot.java:86)
	at eu.stamp_project.dspot.DSpot.amplification(DSpot.java:70)
	at eu.stamp_project.dspot.DSpot.run(DSpot.java:59)
	at eu.stamp_project.Main.main(Main.java:20)
	at eu.stamp_project.DSpotMojo.execute(DSpotMojo.java:29)
	at org.apache.maven.plugin.DefaultBuildPluginManager.executeMojo(DefaultBuildPluginManager.java:137)
	at org.apache.maven.lifecycle.internal.MojoExecutor.doExecute2(MojoExecutor.java:370)
	at org.apache.maven.lifecycle.internal.MojoExecutor.doExecute(MojoExecutor.java:351)
	at org.apache.maven.lifecycle.internal.MojoExecutor.execute(MojoExecutor.java:215)
	at org.apache.maven.lifecycle.internal.MojoExecutor.execute(MojoExecutor.java:171)
	at org.apache.maven.lifecycle.internal.MojoExecutor.execute(MojoExecutor.java:163)
	at org.apache.maven.lifecycle.internal.LifecycleModuleBuilder.buildProject(LifecycleModuleBuilder.java:117)
	at org.apache.maven.lifecycle.internal.LifecycleModuleBuilder.buildProject(LifecycleModuleBuilder.java:81)
	at org.apache.maven.lifecycle.internal.builder.singlethreaded.SingleThreadedBuilder.build(SingleThreadedBuilder.java:56)
	at org.apache.maven.lifecycle.internal.LifecycleStarter.execute(LifecycleStarter.java:128)
	at org.apache.maven.DefaultMaven.doExecute(DefaultMaven.java:299)
	at org.apache.maven.DefaultMaven.doExecute(DefaultMaven.java:193)
	at org.apache.maven.DefaultMaven.execute(DefaultMaven.java:106)
	at org.apache.maven.cli.MavenCli.execute(MavenCli.java:963)
	at org.apache.maven.cli.MavenCli.doMain(MavenCli.java:296)
	at org.apache.maven.cli.MavenCli.main(MavenCli.java:199)
	at sun.reflect.NativeMethodAccessorImpl.invoke0(Native Method)
	at sun.reflect.NativeMethodAccessorImpl.invoke(NativeMethodAccessorImpl.java:62)
	at sun.reflect.DelegatingMethodAccessorImpl.invoke(DelegatingMethodAccessorImpl.java:43)
	at java.lang.reflect.Method.invoke(Method.java:498)
	at org.codehaus.plexus.classworlds.launcher.Launcher.launchEnhanced(Launcher.java:282)
	at org.codehaus.plexus.classworlds.launcher.Launcher.launch(Launcher.java:225)
	at org.codehaus.plexus.classworlds.launcher.Launcher.mainWithExitCode(Launcher.java:406)
	at org.codehaus.plexus.classworlds.launcher.Launcher.main(Launcher.java:347)
Caused by: java.lang.RuntimeException: Maven build failed! Enable verbose mode for more information (--verbose)
	at eu.stamp_project.dspot.common.automaticbuilder.maven.MavenAutomaticBuilder.runPit(MavenAutomaticBuilder.java:153)
	... 32 more
