DSpot encountered 1 error(s) during amplification.
Something bad happened during assertion amplification
java.lang.RuntimeException: java.io.FileNotFoundException: target\dspot\observations.ser (The system cannot find the file specified)
	at eu.stamp_project.dspot.assertiongenerator.assertiongenerator.methodreconstructor.observer.testwithloggenerator.objectlogsyntaxbuilder_constructs.ObjectLog.load(ObjectLog.java:353)
	at eu.stamp_project.dspot.assertiongenerator.assertiongenerator.methodreconstructor.observer.testwithloggenerator.objectlogsyntaxbuilder_constructs.ObjectLog.getObservations(ObjectLog.java:314)
	at eu.stamp_project.dspot.assertiongenerator.assertiongenerator.methodreconstructor.Observer.compileRunTests(Observer.java:130)
	at eu.stamp_project.dspot.assertiongenerator.assertiongenerator.methodreconstructor.Observer.getObservations(Observer.java:79)
	at eu.stamp_project.dspot.assertiongenerator.assertiongenerator.MethodReconstructor.addAssertions(MethodReconstructor.java:84)
	at eu.stamp_project.dspot.assertiongenerator.AssertionGenerator.addAssertionsOnPassingTests(AssertionGenerator.java:202)
	at eu.stamp_project.dspot.assertiongenerator.AssertionGenerator.assertPassingAndFailingTests(AssertionGenerator.java:187)
	at eu.stamp_project.dspot.assertiongenerator.AssertionGenerator.assertionAmplification(AssertionGenerator.java:91)
	at eu.stamp_project.dspot.assertiongenerator.AssertionGenerator.removeAndAmplifyAssertions(AssertionGenerator.java:62)
	at eu.stamp_project.dspot.DSpot.assertionAmplification(DSpot.java:202)
	at eu.stamp_project.dspot.DSpot.onlyAssertionGeneration(DSpot.java:98)
	at eu.stamp_project.dspot.DSpot.amplification(DSpot.java:73)
	at eu.stamp_project.dspot.DSpot.run(DSpot.java:59)
	at eu.stamp_project.Main.main(Main.java:20)
	at eu.stamp_project.DSpotMojo.execute(DSpotMojo.java:29)
	at org.apache.maven.plugin.DefaultBuildPluginManager.executeMojo(DefaultBuildPluginManager.java:137)
	at org.apache.maven.lifecycle.internal.MojoExecutor.doExecute2(MojoExecutor.java:370)
	at org.apache.maven.lifecycle.internal.MojoExecutor.doExecute(MojoExecutor.java:351)
	at org.apache.maven.lifecycle.internal.MojoExecutor.execute(MojoExecutor.java:215)
	at org.apache.maven.lifecycle.internal.MojoExecutor.execute(MojoExecutor.java:171)
	at org.apache.maven.lifecycle.internal.MojoExecutor.execute(MojoExecutor.java:163)
	at org.apache.maven.lifecycle.internal.LifecycleModuleBuilder.buildProject(LifecycleModuleBuilder.java:117)
	at org.apache.maven.lifecycle.internal.LifecycleModuleBuilder.buildProject(LifecycleModuleBuilder.java:81)
	at org.apache.maven.lifecycle.internal.builder.singlethreaded.SingleThreadedBuilder.build(SingleThreadedBuilder.java:56)
	at org.apache.maven.lifecycle.internal.LifecycleStarter.execute(LifecycleStarter.java:128)
	at org.apache.maven.DefaultMaven.doExecute(DefaultMaven.java:299)
	at org.apache.maven.DefaultMaven.doExecute(DefaultMaven.java:193)
	at org.apache.maven.DefaultMaven.execute(DefaultMaven.java:106)
	at org.apache.maven.cli.MavenCli.execute(MavenCli.java:963)
	at org.apache.maven.cli.MavenCli.doMain(MavenCli.java:296)
	at org.apache.maven.cli.MavenCli.main(MavenCli.java:199)
	at sun.reflect.NativeMethodAccessorImpl.invoke0(Native Method)
	at sun.reflect.NativeMethodAccessorImpl.invoke(NativeMethodAccessorImpl.java:62)
	at sun.reflect.DelegatingMethodAccessorImpl.invoke(DelegatingMethodAccessorImpl.java:43)
	at java.lang.reflect.Method.invoke(Method.java:498)
	at org.codehaus.plexus.classworlds.launcher.Launcher.launchEnhanced(Launcher.java:282)
	at org.codehaus.plexus.classworlds.launcher.Launcher.launch(Launcher.java:225)
	at org.codehaus.plexus.classworlds.launcher.Launcher.mainWithExitCode(Launcher.java:406)
	at org.codehaus.plexus.classworlds.launcher.Launcher.main(Launcher.java:347)
Caused by: java.io.FileNotFoundException: target\dspot\observations.ser (The system cannot find the file specified)
	at java.io.FileInputStream.open0(Native Method)
	at java.io.FileInputStream.open(FileInputStream.java:195)
	at java.io.FileInputStream.<init>(FileInputStream.java:138)
	at eu.stamp_project.dspot.assertiongenerator.assertiongenerator.methodreconstructor.observer.testwithloggenerator.objectlogsyntaxbuilder_constructs.ObjectLog.load(ObjectLog.java:345)
	... 38 more
